<?xml version="1.0" encoding="UTF-8"?>
<testng-results ignored="0" total="1" passed="1" failed="0" skipped="0">
  <reporter-output>
  </reporter-output>
  <suite started-at="2022-10-14T19:20:57 IST" name="Default suite" finished-at="2022-10-14T19:21:02 IST" duration-ms="4638">
    <groups>
    </groups>
    <test started-at="2022-10-14T19:20:57 IST" name="Default test" finished-at="2022-10-14T19:21:02 IST" duration-ms="4638">
      <class name="Screenshot.Practice">
        <test-method signature="teat()[pri:0, instance:Screenshot.Practice@65f095f8]" started-at="2022-10-14T19:20:57 IST" name="teat" finished-at="2022-10-14T19:21:02 IST" duration-ms="4588" status="PASS">
          <reporter-output>
          </reporter-output>
        </test-method> <!-- teat -->
      </class> <!-- Screenshot.Practice -->
    </test> <!-- Default test -->
  </suite> <!-- Default suite -->
</testng-results>
